BypassAndroidLite/proguard/seeds.txt
com.brentonbostick.bypass.android.lite.BypassAndroidLitePlatform
com.brentonbostick.bypass.android.lite.MainMenuActivity
com.brentonbostick.bypass.android.lite.MainMenuActivity: MainMenuActivity()
com.brentonbostick.bypass.android.lite.R$color: int grass_green
com.brentonbostick.bypass.android.lite.R$drawable: int carsheet
com.brentonbostick.bypass.android.lite.R$drawable: int copyright
com.brentonbostick.bypass.android.lite.R$drawable: int ic_launcher
com.brentonbostick.bypass.android.lite.R$drawable: int logo
com.brentonbostick.bypass.android.lite.R$drawable: int spritesheet
com.brentonbostick.bypass.android.lite.R$id: int btn_levelmenu_clearScores
com.brentonbostick.bypass.android.lite.R$id: int btn_levelmenu_toggleInfo
com.brentonbostick.bypass.android.lite.R$id: int btn_world_resetLevel
com.brentonbostick.bypass.android.lite.R$id: int btn_world_toggleInfo
com.brentonbostick.bypass.android.lite.R$id: int view_bypassworld
com.brentonbostick.bypass.android.lite.R$id: int view_levelmenu
com.brentonbostick.bypass.android.lite.R$id: int view_mainmenu
com.brentonbostick.bypass.android.lite.R$layout: int activity_bypassworld
com.brentonbostick.bypass.android.lite.R$layout: int activity_levelmenu
com.brentonbostick.bypass.android.lite.R$layout: int activity_mainmenu
com.brentonbostick.bypass.android.lite.R$menu: int levelmenu_context_menu
com.brentonbostick.bypass.android.lite.R$menu: int world_context_menu
com.brentonbostick.bypass.android.lite.R$raw: int episode1
com.brentonbostick.bypass.android.lite.R$raw: int tutorial
com.brentonbostick.bypass.android.lite.R$string: int app_name
com.brentonbostick.bypass.android.lite.R$string: int clear_scores
com.brentonbostick.bypass.android.lite.R$string: int reset_level
com.brentonbostick.bypass.android.lite.R$string: int toggle_info
com.brentonbostick.bypass.android.lite.R$style: int Theme_BypassLevelMenu
com.brentonbostick.bypass.android.lite.R$style: int Theme_BypassMainMenu
com.brentonbostick.bypass.android.lite.R$style: int Theme_BypassWorld
...
com.brentonbostick.bypass.android.BypassView
com.brentonbostick.bypass.android.BypassView: BypassView(android.content.Context,android.util.AttributeSet)
com.brentonbostick.bypass.android.R$color: int grass_green
com.brentonbostick.bypass.android.R$drawable: int ic_launcher
com.brentonbostick.bypass.android.R$id: int btn_levelmenu_clearScores
com.brentonbostick.bypass.android.R$id: int btn_levelmenu_toggleInfo
com.brentonbostick.bypass.android.R$id: int btn_world_resetLevel
com.brentonbostick.bypass.android.R$id: int btn_world_toggleInfo
com.brentonbostick.bypass.android.R$id: int view_bypassworld
com.brentonbostick.bypass.android.R$id: int view_levelmenu
com.brentonbostick.bypass.android.R$layout: int activity_bypassworld
com.brentonbostick.bypass.android.R$layout: int activity_levelmenu
com.brentonbostick.bypass.android.R$menu: int levelmenu_context_menu
com.brentonbostick.bypass.android.R$menu: int world_context_menu
com.brentonbostick.bypass.android.R$string: int app_name
com.brentonbostick.bypass.android.R$string: int clear_scores
com.brentonbostick.bypass.android.R$string: int reset_level
com.brentonbostick.bypass.android.R$string: int toggle_info
com.brentonbostick.bypass.android.R$style: int Theme_BypassLevelMenu
com.brentonbostick.bypass.android.R$style: int Theme_BypassWorld
com.brentonbostick.bypass.android.ResourceType: com.brentonbostick.bypass.android.ResourceType[] values()
com.brentonbostick.bypass.android.ResourceType: com.brentonbostick.bypass.android.ResourceType valueOf(java.lang.String)
com.brentonbostick.bypass.android.level.BypassWorldActivity
com.brentonbostick.bypass.android.level.BypassWorldActivity: BypassWorldActivity()
com.brentonbostick.bypass.android.menu.LevelMenuActivity
com.brentonbostick.bypass.android.menu.LevelMenuActivity: LevelMenuActivity()
com.brentonbostick.capsloc.geom.SweepEventType: com.brentonbostick.capsloc.geom.SweepEventType[] values()
com.brentonbostick.capsloc.geom.SweepEventType: com.brentonbostick.capsloc.geom.SweepEventType valueOf(java.lang.String)
com.brentonbostick.capsloc.ui.paint.Cap: com.brentonbostick.capsloc.ui.paint.Cap[] values()
com.brentonbostick.capsloc.ui.paint.Cap: com.brentonbostick.capsloc.ui.paint.Cap valueOf(java.lang.String)
com.brentonbostick.capsloc.ui.paint.FontStyle: com.brentonbostick.capsloc.ui.paint.FontStyle[] values()
com.brentonbostick.capsloc.ui.paint.FontStyle: com.brentonbostick.capsloc.ui.paint.FontStyle valueOf(java.lang.String)
com.brentonbostick.capsloc.ui.paint.Join: com.brentonbostick.capsloc.ui.paint.Join[] values()
com.brentonbostick.capsloc.ui.paint.Join: com.brentonbostick.capsloc.ui.paint.Join valueOf(java.lang.String)
com.brentonbostick.capsloc.world.WorldBackground$RenderMethod: com.brentonbostick.capsloc.world.WorldBackground$RenderMethod[] values()
com.brentonbostick.capsloc.world.WorldBackground$RenderMethod: com.brentonbostick.capsloc.world.WorldBackground$RenderMethod valueOf(java.lang.String)
com.brentonbostick.capsloc.world.cars.CarStateEnum: com.brentonbostick.capsloc.world.cars.CarStateEnum[] values()
com.brentonbostick.capsloc.world.cars.CarStateEnum: com.brentonbostick.capsloc.world.cars.CarStateEnum valueOf(java.lang.String)
com.brentonbostick.capsloc.world.graph.Axis: com.brentonbostick.capsloc.world.graph.Axis[] values()
com.brentonbostick.capsloc.world.graph.Axis: com.brentonbostick.capsloc.world.graph.Axis valueOf(java.lang.String)
com.brentonbostick.capsloc.world.graph.Direction: com.brentonbostick.capsloc.world.graph.Direction[] values()
com.brentonbostick.capsloc.world.graph.Direction: com.brentonbostick.capsloc.world.graph.Direction valueOf(java.lang.String)
com.brentonbostick.capsloc.world.graph.FixtureType: com.brentonbostick.capsloc.world.graph.FixtureType[] values()
com.brentonbostick.capsloc.world.graph.FixtureType: com.brentonbostick.capsloc.world.graph.FixtureType valueOf(java.lang.String)