BypassAndroidLite/proguard/mapping.txt
com.brentonbostick.bypass.android.lite.BypassAndroidLitePlatform -> com.brentonbostick.bypass.android.lite.BypassAndroidLitePlatform:
    com.brentonbostick.bypass.level.LevelDB tutorialLevelDB -> k
    com.brentonbostick.bypass.level.LevelDB episode1LevelDB -> l
    33:75:void createApplication() -> a
    79:84:com.brentonbostick.bypass.level.LevelDB levelDB(java.lang.String) -> a
    91:101:com.brentonbostick.capsloc.Resource imageResource(java.lang.String) -> c
    106:112:com.brentonbostick.capsloc.Resource levelDBResource(java.lang.String) -> d
    117:125:java.lang.String resourceName(com.brentonbostick.capsloc.Resource) -> c
    130:154:void action(java.lang.Class,java.lang.Object[]) -> a
com.brentonbostick.bypass.android.lite.MainMenuActivity -> com.brentonbostick.bypass.android.lite.MainMenuActivity:
    23:64:void onCreate(android.os.Bundle) -> onCreate
    67:70:void onDestroy() -> onDestroy
    73:76:void onStart() -> onStart
    79:82:void onStop() -> onStop
    85:88:void onResume() -> onResume
    92:95:void onSurfaceChanged(int,int) -> a
    98:101:void onPause() -> onPause
    104:109:void onSaveInstanceState(android.os.Bundle) -> onSaveInstanceState
com.brentonbostick.bypass.android.lite.MainMenuLite -> com.brentonbostick.bypass.android.lite.a:
    com.brentonbostick.capsloc.ui.MenuItem episode1MenuItem -> a
    com.brentonbostick.capsloc.ui.MenuItem tutorialMenuItem -> b
    42:49:void updateFirstUnplayed() -> a
com.brentonbostick.bypass.android.lite.MainMenuLite$1 -> com.brentonbostick.bypass.android.lite.b:
    com.brentonbostick.bypass.android.lite.MainMenuLite this$0 -> a
    21:24:void action() -> a
com.brentonbostick.bypass.android.lite.MainMenuLite$2 -> com.brentonbostick.bypass.android.lite.c:
    com.brentonbostick.bypass.android.lite.MainMenuLite this$0 -> a
    31:34:void action() -> a
...
com.brentonbostick.capsloc.Entity -> com.brentonbostick.a.c:
    boolean isUserDeleteable() -> c
    void preStart() -> d
    boolean preStep(double) -> a
    boolean postStep(double) -> c
com.brentonbostick.capsloc.Integratable -> com.brentonbostick.a.d:
    boolean integrate(double) -> a
    double getTime() -> b
com.brentonbostick.capsloc.Model -> com.brentonbostick.a.e:
    com.brentonbostick.capsloc.ui.Menu getMenu() -> f
com.brentonbostick.capsloc.Platform -> com.brentonbostick.a.f:
    com.brentonbostick.capsloc.ui.paint.RenderingContext createRenderingContext() -> b
    void setRenderingContextFields1(com.brentonbostick.capsloc.ui.paint.RenderingContext,java.lang.Object) -> a
    void setRenderingContextFields2(com.brentonbostick.capsloc.ui.paint.RenderingContext,java.lang.Object,java.lang.Object) -> a
    com.brentonbostick.capsloc.geom.AABB bounds(java.lang.String,com.brentonbostick.capsloc.Resource,com.brentonbostick.capsloc.ui.paint.FontStyle,int) -> a
    com.brentonbostick.capsloc.ui.Image readImage(com.brentonbostick.capsloc.Resource) -> a
    com.brentonbostick.capsloc.ui.Image createImage(int,int) -> a
    com.brentonbostick.capsloc.ui.Image createTransparentImage(int,int) -> b
    com.brentonbostick.capsloc.ui.PlatformContentPane createPlatformContentPane() -> c
    void setupAppScreen(java.lang.Object[]) -> a
    void showAppScreen() -> d
    com.brentonbostick.capsloc.Resource imageResource(java.lang.String) -> c
    com.brentonbostick.capsloc.Resource fontResource(java.lang.String) -> b
    java.lang.String resourceName(com.brentonbostick.capsloc.Resource) -> c
    java.io.InputStream openResourceInputStream(com.brentonbostick.capsloc.Resource) -> b
    com.brentonbostick.capsloc.geom.GeometryPath createGeometryPath() -> g
    void action(java.lang.Class,java.lang.Object[]) -> a
    void finishAction() -> e
    long monotonicClockMillis() -> f
com.brentonbostick.capsloc.Resource -> com.brentonbostick.a.g:
com.brentonbostick.capsloc.SimulationRunnable -> com.brentonbostick.a.h:
    java.util.concurrent.atomic.AtomicBoolean trigger -> a
    17:83:void run() -> run
com.brentonbostick.capsloc.Tool -> com.brentonbostick.a.i:
    90:90:void pressed(com.brentonbostick.capsloc.ui.InputEvent) -> a
    97:97:void released(com.brentonbostick.capsloc.ui.InputEvent) -> b
    104:104:void dragged(com.brentonbostick.capsloc.ui.InputEvent) -> d
    125:125:void canceled(com.brentonbostick.capsloc.ui.InputEvent) -> c
    void paint_panel(com.brentonbostick.capsloc.ui.paint.RenderingContext) -> a