BypassAndroidLite/proguard/usage.txt
com.brentonbostick.bypass.android.lite.BuildConfig
com.brentonbostick.bypass.android.lite.R
com.brentonbostick.bypass.android.lite.R$attr
com.brentonbostick.bypass.android.lite.R$color
com.brentonbostick.bypass.android.lite.R$drawable
com.brentonbostick.bypass.android.lite.R$id
com.brentonbostick.bypass.android.lite.R$layout
com.brentonbostick.bypass.android.lite.R$menu
com.brentonbostick.bypass.android.lite.R$raw
com.brentonbostick.bypass.android.lite.R$string
com.brentonbostick.bypass.android.lite.R$style
...
com.brentonbostick.bypass.BypassControlPanel
com.brentonbostick.bypass.BypassPlatform:
    public abstract com.brentonbostick.capsloc.Resource levelDBResource(java.lang.String)
    public abstract void loadScores(com.brentonbostick.bypass.level.LevelDB)
com.brentonbostick.bypass.android.BypassAndroidPlatform:
    266:266:public void unshowAppScreen()
    280:280:public void exit()
com.brentonbostick.bypass.android.R:
    9:9:public R()
com.brentonbostick.bypass.android.R$color
com.brentonbostick.bypass.android.R$drawable
com.brentonbostick.bypass.android.R$id:
    16:16:public R$id()
com.brentonbostick.bypass.android.R$layout:
    24:24:public R$layout()
com.brentonbostick.bypass.android.R$menu:
    28:28:public R$menu()
com.brentonbostick.bypass.android.R$string
com.brentonbostick.bypass.android.R$style
com.brentonbostick.bypass.android.ResourceImpl:
    public java.net.URL url
    26:28:public ResourceImpl(java.net.URL)
com.brentonbostick.bypass.android.geom.GeometryPathImpl:
    30:32:public void add(com.brentonbostick.capsloc.geom.QuadCurve)
    35:37:public void add(com.brentonbostick.capsloc.geom.CubicCurve)
    40:41:public void add(com.brentonbostick.capsloc.geom.Ellipse)
    71:79:public void add(com.brentonbostick.capsloc.geom.Polygon)
    93:101:public void add(com.brentonbostick.capsloc.geom.Polyline)
    113:116:public void draw(com.brentonbostick.capsloc.ui.paint.RenderingContext)
com.brentonbostick.bypass.android.ui.paint.RenderingContextImpl:
    46:47:public void rotate(double,com.brentonbostick.capsloc.math.Point)
    50:51:public void rotate(double,com.brentonbostick.capsloc.math.Dim)
    149:151:public void paintAABB(com.brentonbostick.capsloc.geom.MutableAABB)
    155:164:public void drawPath(com.brentonbostick.capsloc.geom.GeometryPath)
    186:194:public void drawCircle(com.brentonbostick.capsloc.geom.Circle)
    221:222:public void translate(com.brentonbostick.capsloc.math.Point)
    277:284:public com.brentonbostick.capsloc.ui.paint.Color getColor()
com.brentonbostick.bypass.level.BypassCarTool:
    30:30:public void setPoint(com.brentonbostick.capsloc.math.Point)
    33:33:public java.lang.Object getShape()
    38:39:public void escKey()
com.brentonbostick.bypass.level.BypassWorld:
    74:77:public static void destroy()
com.brentonbostick.bypass.level.WinnerMenu:
    114:115:public void escape()
com.brentonbostick.bypass.menu.LevelMenu:
    91:92:public void escape()
com.brentonbostick.bypass.menu.MainMenu:
    public static com.brentonbostick.capsloc.math.Point tmpMainMenuLoc
    46:46:public void escape()
com.brentonbostick.capsloc.CapslocApplication:
    public com.brentonbostick.capsloc.world.sprites.Sheet explosionSheet
    public com.brentonbostick.capsloc.AppScreen debuggerScreen
com.brentonbostick.capsloc.Entity:
    public abstract com.brentonbostick.capsloc.Entity hitTest(com.brentonbostick.capsloc.math.Point)
    public abstract void postStop()
    public abstract void paintHilite(com.brentonbostick.capsloc.ui.paint.RenderingContext)
com.brentonbostick.capsloc.Integratable:
    public static final double DT
com.brentonbostick.capsloc.Platform:
    public abstract void unshowAppScreen()
    public abstract void exit()